#
# There is insufficient memory for the Java Runtime Environment to continue.
# Native memory allocation (malloc) failed to allocate 1048576 bytes for AllocateHeap
# Possible reasons:
#   The system is out of physical RAM or swap space
#   The process is running with CompressedOops enabled, and the Java Heap may be blocking the growth of the native heap
# Possible solutions:
#   Reduce memory load on the system
#   Increase physical memory or swap space
#   Check if swap backing store is full
#   Decrease Java heap size (-Xmx/-Xms)
#   Decrease number of Java threads
#   Decrease Java thread stack sizes (-Xss)
#   Set larger code cache with -XX:ReservedCodeCacheSize=
#   JVM is running with Unscaled Compressed Oops mode in which the Java heap is
#     placed in the first 4GB address space. The Java Heap base address is the
#     maximum limit for the native heap growth. Please use -XX:HeapBaseMinAddress
#     to set the Java Heap base and to place the Java Heap above 4GB virtual address.
# This output file may be truncated or incomplete.
#
#  Out of Memory Error (memory/allocation.inline.hpp:61), pid=6160, tid=0x0000000000000450
#
# JRE version:  (8.0_231-b11) (build )
# Java VM: Java HotSpot(TM) 64-Bit Server VM (25.231-b11 mixed mode windows-amd64 compressed oops)
# Failed to write core dump. Minidumps are not enabled by default on client versions of Windows
#

---------------  T H R E A D  ---------------

Current thread (0x00000000023f8000):  JavaThread "Unknown thread" [_thread_in_vm, id=1104, stack(0x00000000022f0000,0x00000000023f0000)]

Stack: [0x00000000022f0000,0x00000000023f0000]
[error occurred during error reporting (printing stack bounds), id 0xc0000005]

Native frames: (J=compiled Java code, j=interpreted, Vv=VM code, C=native code)


---------------  P R O C E S S  ---------------

Java Threads: ( => current thread )

Other Threads:

=>0x00000000023f8000 (exited) JavaThread "Unknown thread" [_thread_in_vm, id=1104, stack(0x00000000022f0000,0x00000000023f0000)]

VM state:not at safepoint (normal execution)

VM Mutex/Monitor currently owned by a thread: None

heap address: 0x0000000082000000, size: 2016 MB, Compressed Oops mode: 32-bit
Narrow klass base: 0x0000000000000000, Narrow klass shift: 3
Compressed class space size: 1073741824 Address: 0x0000000100000000

Heap:
 PSYoungGen      total 37888K, used 655K [0x00000000d6000000, 0x00000000d8a00000, 0x0000000100000000)
  eden space 32768K, 2% used [0x00000000d6000000,0x00000000d60a3d80,0x00000000d8000000)
  from space 5120K, 0% used [0x00000000d8500000,0x00000000d8500000,0x00000000d8a00000)
  to   space 5120K, 0% used [0x00000000d8000000,0x00000000d8000000,0x00000000d8500000)
 ParOldGen       total 86016K, used 0K [0x0000000082000000, 0x0000000087400000, 0x00000000d6000000)
  object space 86016K, 0% used [0x0000000082000000,0x0000000082000000,0x0000000087400000)
 Metaspace       used 787K, capacity 4480K, committed 4480K, reserved 1056768K
  class space    used 76K, capacity 384K, committed 384K, reserved 1048576K

Card table byte_map: [0x0000000011a20000,0x0000000011e20000] byte_map_base: 0x0000000011610000

Marking Bits: (ParMarkBitMap*) 0x0000000062946d90
 Begin Bits: [0x00000000124c0000, 0x0000000014440000)
 End Bits:   [0x0000000014440000, 0x00000000163c0000)

Polling page: 0x0000000000960000

CodeCache: size=245760Kb used=328Kb max_used=328Kb free=245431Kb
 bounds [0x0000000002660000, 0x00000000028d0000, 0x0000000011660000]
 total_blobs=58 nmethods=0 adapters=38
 compilation: enabled

Compilation events (0 events):
No events

GC Heap History (0 events):
No events

Deoptimization events (0 events):
No events

Classes redefined (0 events):
No events

Internal exceptions (0 events):
No events

Events (10 events):
Event: 0.119 loading class java/lang/Short
Event: 0.119 loading class java/lang/Short done
Event: 0.119 loading class java/lang/Integer
Event: 0.119 loading class java/lang/Integer done
Event: 0.119 loading class java/lang/Long
Event: 0.119 loading class java/lang/Long done
Event: 0.120 loading class java/lang/NullPointerException
Event: 0.120 loading class java/lang/NullPointerException done
Event: 0.120 loading class java/lang/ArithmeticException
Event: 0.120 loading class java/lang/ArithmeticException done


Dynamic libraries:
0x00007ff719030000 - 0x00007ff719067000 	C:\Program Files\Java\jdk1.8.0_231\bin\java.exe
0x00007fff58590000 - 0x00007fff5877d000 	C:\Windows\SYSTEM32\ntdll.dll
0x00007fff57f10000 - 0x00007fff57fc3000 	C:\Windows\System32\KERNEL32.DLL
0x00007fff55070000 - 0x00007fff55305000 	C:\Windows\System32\KERNELBASE.dll
0x00007fff56780000 - 0x00007fff56823000 	C:\Windows\System32\ADVAPI32.dll
0x00007fff56000000 - 0x00007fff5609e000 	C:\Windows\System32\msvcrt.dll
0x00007fff55f60000 - 0x00007fff55ffe000 	C:\Windows\System32\sechost.dll
0x00007fff56440000 - 0x00007fff56562000 	C:\Windows\System32\RPCRT4.dll
0x00007fff560c0000 - 0x00007fff56257000 	C:\Windows\System32\USER32.dll
0x00007fff55050000 - 0x00007fff55070000 	C:\Windows\System32\win32u.dll
0x00007fff55f30000 - 0x00007fff55f59000 	C:\Windows\System32\GDI32.dll
0x00007fff55470000 - 0x00007fff5560b000 	C:\Windows\System32\gdi32full.dll
0x00007fff55710000 - 0x00007fff557b0000 	C:\Windows\System32\msvcp_win.dll
0x00007fff55610000 - 0x00007fff5570a000 	C:\Windows\System32\ucrtbase.dll
0x00007fff42190000 - 0x00007fff42409000 	C:\Windows\WinSxS\amd64_microsoft.windows.common-controls_6595b64144ccf1df_6.0.17763.1339_none_de7015e4534c7114\COMCTL32.dll
0x00007fff55a90000 - 0x00007fff55dbc000 	C:\Windows\System32\combase.dll
0x00007fff54640000 - 0x00007fff546be000 	C:\Windows\System32\bcryptPrimitives.dll
0x00007fff55a00000 - 0x00007fff55a2e000 	C:\Windows\System32\IMM32.DLL
0x00000000629d0000 - 0x0000000062aa2000 	C:\Program Files\Java\jdk1.8.0_231\jre\bin\msvcr100.dll
0x0000000062120000 - 0x00000000629c6000 	C:\Program Files\Java\jdk1.8.0_231\jre\bin\server\jvm.dll
0x00007fff580d0000 - 0x00007fff580d8000 	C:\Windows\System32\PSAPI.DLL
0x00007fff3cbc0000 - 0x00007fff3cbc9000 	C:\Windows\SYSTEM32\WSOCK32.dll
0x00007fff58060000 - 0x00007fff580cd000 	C:\Windows\System32\WS2_32.dll
0x00007fff52160000 - 0x00007fff52184000 	C:\Windows\SYSTEM32\WINMM.dll
0x00007fff4b010000 - 0x00007fff4b01a000 	C:\Windows\SYSTEM32\VERSION.dll
0x00007fff52130000 - 0x00007fff5215d000 	C:\Windows\SYSTEM32\WINMMBASE.dll
0x00007fff55310000 - 0x00007fff5535a000 	C:\Windows\System32\cfgmgr32.dll
0x00007fff3c8d0000 - 0x00007fff3c8df000 	C:\Program Files\Java\jdk1.8.0_231\jre\bin\verify.dll
0x00007fff35eb0000 - 0x00007fff35ed9000 	C:\Program Files\Java\jdk1.8.0_231\jre\bin\java.dll
0x00007fff2a910000 - 0x00007fff2a945000 	C:\Program Files\Java\jdk1.8.0_231\jre\bin\jdwp.dll
0x00007fff37570000 - 0x00007fff37578000 	C:\Program Files\Java\jdk1.8.0_231\jre\bin\npt.dll
0x00007fff32a60000 - 0x00007fff32a83000 	C:\Program Files\Java\jdk1.8.0_231\jre\bin\instrument.dll
0x00007fff35e90000 - 0x00007fff35ea6000 	C:\Program Files\Java\jdk1.8.0_231\jre\bin\zip.dll

VM Arguments:
jvm_args: -agentlib:jdwp=transport=dt_socket,address=127.0.0.1:53076,suspend=y,server=n -XX:TieredStopAtLevel=1 -Xverify:none -Dspring.output.ansi.enabled=always -Dcom.sun.management.jmxremote -Dspring.jmx.enabled=true -Dspring.liveBeansView.mbeanDomain -Dspring.application.admin.enabled=true -javaagent:C:\Users\Victor\.IntelliJIdea2019.3\system\captureAgent\debugger-agent.jar -Dfile.encoding=UTF-8 
java_command: com.example.newsapp.NewsappApplication
java_class_path (initial): C:\Program Files\Java\jdk1.8.0_231\jre\lib\charsets.jar;C:\Program Files\Java\jdk1.8.0_231\jre\lib\deploy.jar;C:\Program Files\Java\jdk1.8.0_231\jre\lib\ext\access-bridge-64.jar;C:\Program Files\Java\jdk1.8.0_231\jre\lib\ext\cldrdata.jar;C:\Program Files\Java\jdk1.8.0_231\jre\lib\ext\dnsns.jar;C:\Program Files\Java\jdk1.8.0_231\jre\lib\ext\jaccess.jar;C:\Program Files\Java\jdk1.8.0_231\jre\lib\ext\jfxrt.jar;C:\Program Files\Java\jdk1.8.0_231\jre\lib\ext\localedata.jar;C:\Program Files\Java\jdk1.8.0_231\jre\lib\ext\nashorn.jar;C:\Program Files\Java\jdk1.8.0_231\jre\lib\ext\sunec.jar;C:\Program Files\Java\jdk1.8.0_231\jre\lib\ext\sunjce_provider.jar;C:\Program Files\Java\jdk1.8.0_231\jre\lib\ext\sunmscapi.jar;C:\Program Files\Java\jdk1.8.0_231\jre\lib\ext\sunpkcs11.jar;C:\Program Files\Java\jdk1.8.0_231\jre\lib\ext\zipfs.jar;C:\Program Files\Java\jdk1.8.0_231\jre\lib\javaws.jar;C:\Program Files\Java\jdk1.8.0_231\jre\lib\jce.jar;C:\Program Files\Java\jdk1.8.0_231\jre\lib\jfr.jar;C:\Program Files\Java\jdk1.8.0_231\jre\lib\jfxswt.jar;C:\Program Files\Java\jdk1.8.0_231\jre\lib\jsse.jar;C:\Program Files\Java\jdk1.8.0_231\jre\lib\management-agent.jar;C:\Program Files\Java\jdk1.8.0_231\jre\lib\plugin.jar;C:\Program Files\Java\jdk1.8.0_231\jre\lib\resources.jar;C:\Program Files\Java\jdk1.8.0_231\jre\lib\rt.jar;F:\FATHER\newsapp\target\classes;C:\Users\Victor\.m2\repository\org\springframework\boot\spring-boot-starter-batch\2.3.2.RELEASE\spring-boot-starter-batch-2.3.2.RELEASE.jar;C:\Users\Victor\.m2\repository\org\springframework\boot\spring-boot-starter\2.3.2.RELEASE\spring-boot-starter-2.3.2.RELEASE.jar;C:\Users\Victor\.m2\repository\org\springframework\boot\spring-boot\2.3.2.RELEASE\spring-boot-2.3.2.RELEASE.jar;C:\Users\Victor\.m2\repository\org\springframework\boot\spring-boot-autoconfigure\2.3.2.RELEASE\spring-boot-autoconfigure-2.3.2.RELEASE.jar;C:\Users\Victor\.m2\repository\org\springframework\boot\spring-boot-starter-logging\2.3.2.RELEAS
Launcher Type: SUN_STANDARD

Environment Variables:
JAVA_HOME=C:\Program Files\Java\jdk-11.0.2
JRE_HOME=C:\Program Files\Java\jre1.8.0_202
PATH=C:\Program Files (x86)\Common Files\Oracle\Java\javapath;F:\FATHER\apache-tomcat-9.0.27\bin;C:\Program Files\Git\cmd;C:\Program Files (x86)\GtkSharp\2.12\bin;C:\Program Files\Dart\dart-sdk\bin;C:\Program Files\Redis\;C:\Users\Victor\AppData\Local\Microsoft\WindowsApps;
USERNAME=Victor
OS=Windows_NT
PROCESSOR_IDENTIFIER=Intel64 Family 6 Model 158 Stepping 9, GenuineIntel



---------------  S Y S T E M  ---------------

OS: Windows 10.0 , 64 bit Build 17763 (10.0.17763.1339)

CPU:total 4 (initial active 4) (4 cores per cpu, 1 threads per core) family 6 model 158 stepping 9, cmov, cx8, fxsr, mmx, sse, sse2, sse3, ssse3, sse4.1, sse4.2, popcnt, avx, avx2, aes, clmul, erms, rtm, 3dnowpref, lzcnt, tsc, tscinvbit, bmi1, bmi2, adx

Memory: 4k page, physical 8250996k(1120964k free), swap 9070196k(3132k free)

vm_info: Java HotSpot(TM) 64-Bit Server VM (25.231-b11) for windows-amd64 JRE (1.8.0_231-b11), built on Oct  5 2019 03:11:30 by "java_re" with MS VC++ 10.0 (VS2010)

time: Mon Jul 27 10:24:50 2020
timezone: Ô³íëÿíä³ÿ (ë³òî)
elapsed time: 0 seconds (0d 0h 0m 0s)

